<?xml version="1.0" encoding="UTF-8"?>
<!-- Generated by org.testng.reporters.JUnitReportReporter -->
<testsuite hostname="DESKTOP-PBR7EKM" failures="0" tests="1" name="com.qa.utilities.Swaglab_Test" time="15.724" errors="0" timestamp="2023-02-12T12:36:58 IST" skipped="0">
  <testcase classname="com.qa.utilities.Swaglab_Test" name="count_swaglabs_links" time="15.724"/>
  <system-out/>
</testsuite> <!-- com.qa.utilities.Swaglab_Test -->
